---------------------------------------
Begin Slurm Prolog: Nov-04-2022 14:11:54
Job ID:    205876
User ID:   cchen641
Account:   hive-itaboada3
Job name:  14.sbatch
Partition: hive
---------------------------------------
slurmstepd: error: execve(): bad interpreter(/bin/bash#SBATCH -Jjobname=14): No such file or directory
---------------------------------------
Begin Slurm Epilog: Nov-04-2022 14:11:55
Job ID:        205876
Array Job ID:  197942_241
User ID:       cchen641
Account:       hive-itaboada3
Job name:      14.sbatch
Resources:     cpu=8,mem=32G,node=1
Rsrc Used:     cput=00:01:12,vmem=12K,walltime=00:00:09,mem=0,energy_used=0
Partition:     hive
Nodes:         atl1-1-01-015-14-1
---------------------------------------
